Base path: 'C:/Program Files/Unity/Hub/Editor/2019.3.15f1/Editor/Data', plugins path 'C:/Program Files/Unity/Hub/Editor/2019.3.15f1/Editor/Data/PlaybackEngines'
Cmd: initializeCompiler
Cmd: preprocess
  insize=1431 outsize=281 ok=1
Cmd: preprocess
  insize=991 outsize=389 ok=1
Cmd: compileSnippet
  api=4 type=0 insize=884 outsize=186 kw= pd=UNITY_ENABLE_REFLECTION_BUFFERS UNITY_USE_DITHER_MASK_FOR_ALPHABLENDED_SHADOWS UNITY_PBS_USE_BRDF1 UNITY_SPECCUBE_BOX_PROJECTION UNITY_SPECCUBE_BLENDING UNITY_ENABLE_DETAIL_NORMALMAP SHADER_API_DESKTOP UNITY_COLORSPACE_GAMMA UNITY_LIGHT_PROBE_PROXY_VOLUME UNITY_LIGHTMAP_FULL_HDR ok=1
Cmd: compileSnippet
  api=4 type=1 insize=884 outsize=182 kw= pd=UNITY_ENABLE_REFLECTION_BUFFERS UNITY_USE_DITHER_MASK_FOR_ALPHABLENDED_SHADOWS UNITY_PBS_USE_BRDF1 UNITY_SPECCUBE_BOX_PROJECTION UNITY_SPECCUBE_BLENDING UNITY_ENABLE_DETAIL_NORMALMAP SHADER_API_DESKTOP UNITY_COLORSPACE_GAMMA UNITY_LIGHT_PROBE_PROXY_VOLUME UNITY_LIGHTMAP_FULL_HDR ok=1
Cmd: preprocess
  insize=4091 outsize=758 ok=1
Cmd: preprocessCompute
  insize=1366 outsize=1372 ok=1
Cmd: preprocess
  insize=18513 outsize=2654 ok=1
Cmd: preprocessCompute
  insize=5013 outsize=5015 ok=1
Cmd: preprocess
  insize=3759 outsize=647 ok=1
Cmd: preprocess
  insize=1074 outsize=379 ok=1
Cmd: preprocess
  insize=1091 outsize=185 ok=1
Cmd: preprocessCompute
  insize=9091 outsize=9103 ok=1
Cmd: preprocess
  insize=1388 outsize=474 ok=1
Cmd: compileSnippet
  api=4 type=0 insize=1227 outsize=690 kw= pd=UNITY_ENABLE_REFLECTION_BUFFERS UNITY_USE_DITHER_MASK_FOR_ALPHABLENDED_SHADOWS UNITY_PBS_USE_BRDF1 UNITY_SPECCUBE_BOX_PROJECTION UNITY_SPECCUBE_BLENDING UNITY_ENABLE_DETAIL_NORMALMAP SHADER_API_DESKTOP UNITY_COLORSPACE_GAMMA UNITY_LIGHT_PROBE_PROXY_VOLUME UNITY_LIGHTMAP_FULL_HDR ok=1
Cmd: compileSnippet
  api=4 type=1 insize=1227 outsize=374 kw= pd=UNITY_ENABLE_REFLECTION_BUFFERS UNITY_USE_DITHER_MASK_FOR_ALPHABLENDED_SHADOWS UNITY_PBS_USE_BRDF1 UNITY_SPECCUBE_BOX_PROJECTION UNITY_SPECCUBE_BLENDING UNITY_ENABLE_DETAIL_NORMALMAP SHADER_API_DESKTOP UNITY_COLORSPACE_GAMMA UNITY_LIGHT_PROBE_PROXY_VOLUME UNITY_LIGHTMAP_FULL_HDR ok=1
Cmd: compileSnippet
  api=4 type=0 insize=1289 outsize=690 kw= pd=UNITY_ENABLE_REFLECTION_BUFFERS UNITY_USE_DITHER_MASK_FOR_ALPHABLENDED_SHADOWS UNITY_PBS_USE_BRDF1 UNITY_SPECCUBE_BOX_PROJECTION UNITY_SPECCUBE_BLENDING UNITY_ENABLE_DETAIL_NORMALMAP SHADER_API_DESKTOP UNITY_COLORSPACE_GAMMA UNITY_LIGHT_PROBE_PROXY_VOLUME UNITY_LIGHTMAP_FULL_HDR ok=1
Cmd: compileSnippet
  api=4 type=1 insize=1289 outsize=298 kw= pd=UNITY_ENABLE_REFLECTION_BUFFERS UNITY_USE_DITHER_MASK_FOR_ALPHABLENDED_SHADOWS UNITY_PBS_USE_BRDF1 UNITY_SPECCUBE_BOX_PROJECTION UNITY_SPECCUBE_BLENDING UNITY_ENABLE_DETAIL_NORMALMAP SHADER_API_DESKTOP UNITY_COLORSPACE_GAMMA UNITY_LIGHT_PROBE_PROXY_VOLUME UNITY_LIGHTMAP_FULL_HDR ok=1
Cmd: preprocess
  insize=978 outsize=231 ok=1
Cmd: preprocess
  insize=428 outsize=428 ok=1
Cmd: preprocess
  insize=4178 outsize=709 ok=1
Cmd: preprocess
  insize=1414 outsize=393 ok=1
Cmd: preprocess
  insize=3207 outsize=1205 ok=1
Cmd: preprocessCompute
  insize=1163 outsize=1165 ok=1
Cmd: preprocessCompute
  insize=6334 outsize=6336 ok=1
Cmd: preprocessCompute
  insize=7957 outsize=7959 ok=1
Cmd: preprocess
  insize=21555 outsize=460 ok=1
Cmd: preprocessCompute
  insize=7126 outsize=7128 ok=1
Cmd: preprocessCompute
  insize=8269 outsize=8271 ok=1
Cmd: preprocess
  insize=22627 outsize=462 ok=1
Cmd: preprocessCompute
  insize=6689 outsize=6691 ok=1
Cmd: preprocessCompute
  insize=5789 outsize=5791 ok=1
Cmd: preprocess
  insize=22760 outsize=461 ok=1
Cmd: preprocessCompute
  insize=5801 outsize=5803 ok=1
Cmd: preprocessCompute
  insize=6693 outsize=6695 ok=1
Cmd: preprocess
  insize=22351 outsize=461 ok=1
Cmd: preprocessCompute
  insize=6334 outsize=6336 ok=1
Cmd: preprocessCompute
  insize=7556 outsize=7558 ok=1
Cmd: preprocess
  insize=21555 outsize=460 ok=1
Cmd: preprocessCompute
  insize=7126 outsize=7128 ok=1
Cmd: preprocessCompute
  insize=8269 outsize=8271 ok=1
Cmd: preprocess
  insize=22627 outsize=462 ok=1
Cmd: preprocessCompute
  insize=7144 outsize=7146 ok=1
Cmd: preprocessCompute
  insize=5789 outsize=5791 ok=1
Cmd: preprocess
  insize=22760 outsize=461 ok=1
Cmd: preprocessCompute
  insize=5801 outsize=5803 ok=1
Cmd: preprocessCompute
  insize=6693 outsize=6695 ok=1
Cmd: preprocess
  insize=22351 outsize=461 ok=1
